<component name="libraryTable">
  <library name="junit-jupiter-api-5.13.0">
    <CLASSES>
      <root url="jar://$USER_HOME$/Downloads/junit-platform-console-standalone-1.10.0.jar!/" />
    </CLASSES>
    <JAVADOC />
    <SOURCES />
  </library>
</component>